\BOOKMARK [-1][-]{part.1}{\376\377\000I\000\040\000F\000o\000u\000n\000d\000a\000t\000i\000o\000n\000s\000:\000\040\000G\000e\000o\000m\000e\000t\000r\000y\000,\000\040\000S\000i\000g\000n\000a\000l\000s\000,\000\040\000a\000n\000d\000\040\000T\000e\000x\000t}{}% 1
\BOOKMARK [0][-]{chapter.1}{\376\377\000I\000n\000t\000r\000o\000d\000u\000c\000t\000i\000o\000n\000:\000\040\000A\000\040\000G\000e\000o\000m\000e\000t\000r\000i\000c\000\040\000R\000e\000c\000k\000o\000n\000i\000n\000g\000\040\000f\000o\000r\000\040\000U\000n\000s\000u\000p\000e\000r\000v\000i\000s\000e\000d\000\040\000N\000L\000P}{part.1}% 2
\BOOKMARK [1][-]{subsection.1.0.1}{\376\377\000A\000\040\000U\000n\000i\000f\000y\000i\000n\000g\000\040\000C\000e\000n\000t\000r\000a\000l\000\040\000T\000h\000e\000m\000e}{chapter.1}% 3
\BOOKMARK [2][-]{subsection.1.0.2}{\376\377\000P\000i\000l\000l\000a\000r\000s\000\040\000o\000f\000\040\000C\000o\000n\000t\000r\000i\000b\000u\000t\000i\000o\000n}{subsection.1.0.1}% 4
\BOOKMARK [2][-]{subsection.1.0.3}{\376\377\000D\000i\000s\000s\000e\000r\000t\000a\000t\000i\000o\000n\000\040\000O\000u\000t\000l\000i\000n\000e}{subsection.1.0.1}% 5
\BOOKMARK [0][-]{chapter.2}{\376\377\000M\000a\000t\000h\000e\000m\000a\000t\000i\000c\000a\000l\000\040\000P\000r\000e\000l\000i\000m\000i\000n\000a\000r\000i\000e\000s}{part.1}% 6
\BOOKMARK [1][-]{section.2.1}{\376\377\000G\000r\000a\000p\000h\000s\000\040\000a\000s\000\040\000D\000i\000s\000c\000r\000e\000t\000e\000\040\000M\000a\000n\000i\000f\000o\000l\000d\000s}{chapter.2}% 7
\BOOKMARK [2][-]{subsection.2.1.1}{\376\377\000T\000h\000e\000\040\000G\000r\000a\000p\000h\000\040\000L\000a\000p\000l\000a\000c\000i\000a\000n\000:\000\040\000A\000\040\000D\000i\000s\000c\000r\000e\000t\000e\000\040\000L\000a\000p\000l\000a\000c\000e\000-\000B\000e\000l\000t\000r\000a\000m\000i\000\040\000O\000p\000e\000r\000a\000t\000o\000r}{section.2.1}% 8
\BOOKMARK [1][-]{section.2.2}{\376\377\000G\000r\000a\000p\000h\000\040\000S\000i\000g\000n\000a\000l\000\040\000P\000r\000o\000c\000e\000s\000s\000i\000n\000g\000\040\000a\000n\000d\000\040\000S\000p\000e\000c\000t\000r\000a\000l\000\040\000F\000i\000l\000t\000e\000r\000i\000n\000g}{chapter.2}% 9
\BOOKMARK [2][-]{subsection.2.2.1}{\376\377\000T\000h\000e\000\040\000S\000p\000e\000c\000t\000r\000a\000l\000\040\000G\000r\000a\000p\000h\000\040\000W\000a\000v\000e\000l\000e\000t\000\040\000T\000r\000a\000n\000s\000f\000o\000r\000m\000\040\000\050\000S\000G\000W\000T\000\051}{section.2.2}% 10
\BOOKMARK [1][-]{section.2.3}{\376\377\000D\000i\000s\000c\000r\000e\000t\000e\000\040\000R\000i\000c\000c\000i\000\040\000C\000u\000r\000v\000a\000t\000u\000r\000e}{chapter.2}% 11
\BOOKMARK [2][-]{subsection.2.3.1}{\376\377\000T\000h\000e\000\040\000W\000a\000s\000s\000e\000r\000s\000t\000e\000i\000n\000\040\000D\000i\000s\000t\000a\000n\000c\000e}{section.2.3}% 12
\BOOKMARK [2][-]{subsection.2.3.2}{\376\377\000O\000l\000l\000i\000v\000i\000e\000r\000-\000R\000i\000c\000c\000i\000\040\000C\000u\000r\000v\000a\000t\000u\000r\000e\000\040\000o\000n\000\040\000G\000r\000a\000p\000h\000s}{section.2.3}% 13
\BOOKMARK [0][-]{chapter.3}{\376\377\000T\000h\000e\000o\000r\000e\000t\000i\000c\000a\000l\000\040\000F\000o\000u\000n\000d\000a\000t\000i\000o\000n\000s}{part.1}% 14
\BOOKMARK [1][-]{section.3.1}{\376\377\000S\000t\000a\000b\000i\000l\000i\000t\000y\000\040\000o\000f\000\040\000t\000h\000e\000\040\000G\000r\000a\000p\000h\000\040\000W\000a\000v\000e\000l\000e\000t\000\040\000O\000p\000e\000r\000a\000t\000o\000r}{chapter.3}% 15
\BOOKMARK [1][-]{section.3.2}{\376\377\000A\000\040\000G\000e\000o\000m\000e\000t\000r\000i\000c\000\040\000T\000h\000e\000o\000r\000y\000\040\000o\000f\000\040\000C\000l\000u\000s\000t\000e\000r\000a\000b\000i\000l\000i\000t\000y}{chapter.3}% 16
\BOOKMARK [-1][-]{part.2}{\376\377\000I\000I\000\040\000C\000o\000r\000e\000\040\000M\000e\000t\000h\000o\000d\000:\000\040\000T\000h\000e\000\040\000J\000\366\000r\000m\000u\000n\000g\000a\000n\000d\000r\000-\000S\000e\000m\000a\000n\000t\000i\000c\000a\000\040\000F\000r\000a\000m\000e\000w\000o\000r\000k}{}% 17
\BOOKMARK [0][-]{chapter.4}{\376\377\000T\000h\000e\000\040\000J\000\366\000r\000m\000u\000n\000g\000a\000n\000d\000r\000-\000S\000e\000m\000a\000n\000t\000i\000c\000a\000\040\000F\000r\000a\000m\000e\000w\000o\000r\000k}{part.2}% 18
\BOOKMARK [1][-]{section.4.1}{\376\377\000S\000t\000a\000g\000e\000\040\0001\000:\000\040\000M\000a\000n\000i\000f\000o\000l\000d\000\040\000S\000a\000m\000p\000l\000i\000n\000g\000\040\000v\000i\000a\000\040\000T\000e\000x\000t\000\040\000E\000m\000b\000e\000d\000d\000i\000n\000g}{chapter.4}% 19
\BOOKMARK [1][-]{section.4.2}{\376\377\000S\000t\000a\000g\000e\000\040\0002\000:\000\040\000M\000a\000n\000i\000f\000o\000l\000d\000\040\000D\000i\000s\000c\000r\000e\000t\000i\000z\000a\000t\000i\000o\000n\000\040\000v\000i\000a\000\040\000G\000r\000a\000p\000h\000\040\000C\000o\000n\000s\000t\000r\000u\000c\000t\000i\000o\000n}{chapter.4}% 20
\BOOKMARK [1][-]{section.4.3}{\376\377\000S\000t\000a\000g\000e\000\040\0003\000:\000\040\000M\000u\000l\000t\000i\000-\000S\000c\000a\000l\000e\000\040\000G\000e\000o\000m\000e\000t\000r\000i\000c\000\040\000A\000n\000a\000l\000y\000s\000i\000s\000\040\000v\000i\000a\000\040\000S\000G\000W\000T}{chapter.4}% 21
\BOOKMARK [1][-]{section.4.4}{\376\377\000S\000t\000a\000g\000e\000\040\0004\000:\000\040\000R\000e\000p\000r\000e\000s\000e\000n\000t\000a\000t\000i\000o\000n\000\040\000a\000n\000d\000\040\000C\000l\000u\000s\000t\000e\000r\000i\000n\000g}{chapter.4}% 22
\BOOKMARK [0][-]{chapter.5}{\376\377\000A\000l\000g\000o\000r\000i\000t\000h\000m\000i\000c\000\040\000I\000n\000n\000o\000v\000a\000t\000i\000o\000n\000s}{part.2}% 23
\BOOKMARK [1][-]{section.5.1}{\376\377\000A\000d\000a\000p\000t\000i\000v\000e\000\040\000A\000n\000i\000s\000o\000t\000r\000o\000p\000i\000c\000\040\000W\000a\000v\000e\000l\000e\000t\000s}{chapter.5}% 24
\BOOKMARK [1][-]{section.5.2}{\376\377\000C\000u\000r\000v\000a\000t\000u\000r\000e\000-\000R\000e\000g\000u\000l\000a\000r\000i\000z\000e\000d\000\040\000U\000M\000A\000P\000\040\000\050\000C\000R\000-\000U\000M\000A\000P\000\051}{chapter.5}% 25
\BOOKMARK [0][-]{chapter.6}{\376\377\000S\000c\000a\000l\000a\000b\000i\000l\000i\000t\000y\000:\000\040\000F\000r\000o\000m\000\040\000T\000h\000e\000o\000r\000y\000\040\000t\000o\000\040\000M\000i\000l\000l\000i\000o\000n\000-\000N\000o\000d\000e\000\040\000G\000r\000a\000p\000h\000s}{part.2}% 26
\BOOKMARK [1][-]{section.6.1}{\376\377\000C\000o\000m\000p\000l\000e\000x\000i\000t\000y\000\040\000A\000n\000a\000l\000y\000s\000i\000s\000\040\000o\000f\000\040\000t\000h\000e\000\040\000C\000o\000r\000e\000\040\000P\000i\000p\000e\000l\000i\000n\000e}{chapter.6}% 27
\BOOKMARK [1][-]{section.6.2}{\376\377\000S\000t\000r\000a\000t\000e\000g\000i\000e\000s\000\040\000f\000o\000r\000\040\000S\000c\000a\000l\000a\000b\000l\000e\000\040\000G\000e\000o\000m\000e\000t\000r\000i\000c\000\040\000A\000n\000a\000l\000y\000s\000i\000s}{chapter.6}% 28
\BOOKMARK [2][-]{subsection.6.2.1}{\376\377\000A\000p\000p\000r\000o\000x\000i\000m\000a\000t\000i\000o\000n\000\040\000v\000i\000a\000\040\000C\000h\000e\000b\000y\000s\000h\000e\000v\000\040\000P\000o\000l\000y\000n\000o\000m\000i\000a\000l\000s}{section.6.2}% 29
\BOOKMARK [2][-]{subsection.6.2.2}{\376\377\000G\000r\000a\000p\000h\000\040\000C\000o\000a\000r\000s\000e\000n\000i\000n\000g\000\040\000a\000n\000d\000\040\000M\000u\000l\000t\000i\000-\000G\000r\000i\000d\000\040\000S\000o\000l\000v\000e\000r\000s}{section.6.2}% 30
\BOOKMARK [2][-]{subsection.6.2.3}{\376\377\000A\000r\000c\000h\000i\000t\000e\000c\000t\000u\000r\000a\000l\000\040\000V\000i\000s\000i\000o\000n\000\040\000f\000o\000r\000\040\000a\000\040\000B\000i\000l\000l\000i\000o\000n\000-\000N\000o\000d\000e\000\040\000S\000y\000s\000t\000e\000m}{section.6.2}% 31
\BOOKMARK [-1][-]{part.3}{\376\377\000I\000I\000I\000\040\000E\000m\000p\000i\000r\000i\000c\000a\000l\000\040\000V\000a\000l\000i\000d\000a\000t\000i\000o\000n\000\040\000a\000n\000d\000\040\000S\000c\000i\000e\000n\000t\000i\000f\000i\000c\000\040\000A\000p\000p\000l\000i\000c\000a\000t\000i\000o\000n\000s}{}% 32
\BOOKMARK [0][-]{chapter.7}{\376\377\000E\000m\000p\000i\000r\000i\000c\000a\000l\000\040\000V\000a\000l\000i\000d\000a\000t\000i\000o\000n}{part.3}% 33
\BOOKMARK [1][-]{section.7.1}{\376\377\000E\000x\000p\000e\000r\000i\000m\000e\000n\000t\000a\000l\000\040\000D\000e\000s\000i\000g\000n}{chapter.7}% 34
\BOOKMARK [1][-]{section.7.2}{\376\377\000R\000e\000s\000u\000l\000t\000s\000\040\000a\000n\000d\000\040\000S\000t\000a\000t\000i\000s\000t\000i\000c\000a\000l\000\040\000A\000n\000a\000l\000y\000s\000i\000s}{chapter.7}% 35
\BOOKMARK [2][-]{subsection.7.2.1}{\376\377\000D\000i\000s\000c\000u\000s\000s\000i\000o\000n}{section.7.2}% 36
\BOOKMARK [0][-]{chapter.8}{\376\377\000A\000n\000a\000l\000y\000s\000i\000s\000\040\000a\000n\000d\000\040\000S\000c\000i\000e\000n\000t\000i\000f\000i\000c\000\040\000D\000i\000s\000c\000o\000v\000e\000r\000y\000\040\000w\000i\000t\000h\000\040\000t\000h\000e\000\040\000G\000e\000o\000m\000e\000t\000r\000i\000c\000\040\000T\000e\000l\000e\000s\000c\000o\000p\000e}{part.3}% 37
\BOOKMARK [1][-]{section.8.1}{\376\377\000A\000b\000l\000a\000t\000i\000o\000n\000\040\000S\000t\000u\000d\000y\000:\000\040\000Q\000u\000a\000n\000t\000i\000f\000y\000i\000n\000g\000\040\000t\000h\000e\000\040\000I\000m\000p\000a\000c\000t\000\040\000o\000f\000\040\000M\000u\000l\000t\000i\000-\000S\000c\000a\000l\000e\000\040\000W\000a\000v\000e\000l\000e\000t\000s}{chapter.8}% 38
\BOOKMARK [1][-]{section.8.2}{\376\377\000C\000a\000s\000e\000\040\000S\000t\000u\000d\000y\000\040\0001\000:\000\040\000M\000a\000p\000p\000i\000n\000g\000\040\000t\000h\000e\000\040\000C\000u\000r\000v\000a\000t\000u\000r\000e\000\040\000o\000f\000\040\000H\000u\000m\000a\000n\000\040\000K\000n\000o\000w\000l\000e\000d\000g\000e}{chapter.8}% 39
\BOOKMARK [1][-]{section.8.3}{\376\377\000C\000a\000s\000e\000\040\000S\000t\000u\000d\000y\000\040\0002\000:\000\040\000A\000\040\000L\000o\000n\000g\000i\000t\000u\000d\000i\000n\000a\000l\000\040\000A\000n\000a\000l\000y\000s\000i\000s\000\040\000o\000f\000\040\000S\000c\000i\000e\000n\000t\000i\000f\000i\000c\000\040\000E\000v\000o\000l\000u\000t\000i\000o\000n}{chapter.8}% 40
\BOOKMARK [0][-]{chapter.9}{\376\377\000C\000r\000o\000s\000s\000-\000D\000i\000s\000c\000i\000p\000l\000i\000n\000a\000r\000y\000\040\000G\000e\000n\000e\000r\000a\000l\000i\000z\000a\000t\000i\000o\000n}{part.3}% 41
\BOOKMARK [1][-]{section.9.1}{\376\377\000C\000a\000s\000e\000\040\000S\000t\000u\000d\000y\000\040\0003\000:\000\040\000U\000n\000c\000o\000v\000e\000r\000i\000n\000g\000\040\000C\000e\000l\000l\000u\000l\000a\000r\000\040\000T\000r\000a\000j\000e\000c\000t\000o\000r\000i\000e\000s\000\040\000i\000n\000\040\000S\000i\000n\000g\000l\000e\000-\000C\000e\000l\000l\000\040\000G\000e\000n\000o\000m\000i\000c\000s}{chapter.9}% 42
\BOOKMARK [1][-]{section.9.2}{\376\377\000C\000a\000s\000e\000\040\000S\000t\000u\000d\000y\000\040\0004\000:\000\040\000A\000n\000o\000m\000a\000l\000y\000\040\000D\000e\000t\000e\000c\000t\000i\000o\000n\000\040\000i\000n\000\040\000R\000o\000b\000o\000t\000i\000c\000\040\000a\000n\000d\000\040\000A\000e\000r\000o\000s\000p\000a\000c\000e\000\040\000S\000y\000s\000t\000e\000m\000s}{chapter.9}% 43
\BOOKMARK [-1][-]{part.4}{\376\377\000I\000V\000\040\000O\000u\000t\000l\000o\000o\000k\000:\000\040\000L\000i\000m\000i\000t\000a\000t\000i\000o\000n\000s\000\040\000a\000n\000d\000\040\000F\000u\000t\000u\000r\000e\000\040\000H\000o\000r\000i\000z\000o\000n\000s}{}% 44
\BOOKMARK [0][-]{chapter.10}{\376\377\000C\000o\000n\000c\000l\000u\000s\000i\000o\000n\000:\000\040\000T\000o\000w\000a\000r\000d\000s\000\040\000a\000\040\000G\000e\000o\000m\000e\000t\000r\000i\000c\000\040\000T\000h\000e\000o\000r\000y\000\040\000o\000f\000\040\000I\000n\000t\000e\000l\000l\000i\000g\000e\000n\000c\000e}{part.4}% 45
\BOOKMARK [1][-]{section.10.1}{\376\377\000S\000y\000n\000t\000h\000e\000s\000i\000s\000\040\000o\000f\000\040\000C\000o\000n\000t\000r\000i\000b\000u\000t\000i\000o\000n\000s}{chapter.10}% 46
\BOOKMARK [1][-]{section.10.2}{\376\377\000L\000i\000m\000i\000t\000a\000t\000i\000o\000n\000s\000\040\000a\000n\000d\000\040\000H\000o\000n\000e\000s\000t\000\040\000R\000e\000f\000l\000e\000c\000t\000i\000o\000n\000s}{chapter.10}% 47
\BOOKMARK [1][-]{section.10.3}{\376\377\000F\000u\000t\000u\000r\000e\000\040\000H\000o\000r\000i\000z\000o\000n\000s\000:\000\040\000A\000\040\000R\000e\000s\000e\000a\000r\000c\000h\000\040\000P\000r\000o\000g\000r\000a\000m\000\040\000i\000n\000\040\000G\000e\000o\000m\000e\000t\000r\000i\000c\000\040\000I\000n\000t\000e\000l\000l\000i\000g\000e\000n\000c\000e}{chapter.10}% 48
\BOOKMARK [0][-]{appendix.A}{\376\377\000F\000o\000r\000m\000a\000l\000\040\000P\000r\000o\000o\000f\000s\000\040\000o\000f\000\040\000T\000h\000e\000o\000r\000e\000t\000i\000c\000a\000l\000\040\000R\000e\000s\000u\000l\000t\000s}{part.4}% 49
\BOOKMARK [1][-]{section.A.1}{\376\377\000P\000r\000o\000o\000f\000\040\000o\000f\000\040\000T\000h\000e\000o\000r\000e\000m\000\040\0003\000.\0001\000.\0001\000:\000\040\000L\000i\000p\000s\000c\000h\000i\000t\000z\000\040\000S\000t\000a\000b\000i\000l\000i\000t\000y\000\040\000o\000f\000\040\000t\000h\000e\000\040\000H\000e\000a\000t\000\040\000W\000a\000v\000e\000l\000e\000t\000\040\000O\000p\000e\000r\000a\000t\000o\000r}{appendix.A}% 50
\BOOKMARK [1][-]{section.A.2}{\376\377\000P\000r\000o\000o\000f\000\040\000o\000f\000\040\000T\000h\000e\000o\000r\000e\000m\000\040\0003\000.\0002\000.\0002\000:\000\040\000D\000i\000s\000c\000r\000e\000t\000e\000\040\000C\000u\000r\000v\000a\000t\000u\000r\000e\000-\000C\000o\000n\000d\000u\000c\000t\000a\000n\000c\000e\000\040\000R\000e\000l\000a\000t\000i\000o\000n\000s\000h\000i\000p}{appendix.A}% 51
